<?xml version="1.0" encoding="UTF-8"?>
<!-- Generated by org.testng.reporters.JUnitReportReporter -->
<testsuite hostname="DESKTOP-V8TNVA8" failures="0" tests="3" name="aaa.enabled" time="0.018" errors="0" timestamp="2023-02-25T14:42:55 IST" skipped="1">
  <testcase classname="aaa.enabled" name="deletecontact" time="0.015"/>
  <system-out/>
  <testcase classname="aaa.enabled" name="modifycontact" time="0.003"/>
  <system-out/>
  <testcase classname="aaa.enabled" name="createcontact">
    <skipped/>
  </testcase> <!-- createcontact -->
  <system-out/>
</testsuite> <!-- aaa.enabled -->
