<?xml version="1.0" encoding="UTF-8"?>
<!-- Generated by org.testng.reporters.JUnitReportReporter -->
<testsuite hostname="DESKTOP-V8TNVA8" failures="0" tests="3" name="aaa.Atthert" time="0.034" errors="0" timestamp="2023-02-25T14:33:20 IST" skipped="0">
  <testcase classname="aaa.Atthert" name="createcontact" time="0.029"/>
  <system-out/>
  <testcase classname="aaa.Atthert" name="modifycontact" time="0.004"/>
  <system-out/>
  <testcase classname="aaa.Atthert" name="deletecontact" time="0.001"/>
  <system-out/>
</testsuite> <!-- aaa.Atthert -->
