<?xml version="1.0" encoding="UTF-8"?>
<!-- Generated by org.testng.reporters.JUnitReportReporter -->
<testsuite hostname="DESKTOP-V8TNVA8" failures="0" tests="1" name="aaa.wwwwwww" time="0.027" errors="0" timestamp="2023-02-24T15:48:55 IST" skipped="0">
  <testcase classname="aaa.wwwwwww" name="f" time="0.027"/>
  <system-out>
    <![CDATA[i]]>
  </system-out>
</testsuite> <!-- aaa.wwwwwww -->
