<?xml version="1.0" encoding="UTF-8"?>
<!-- Generated by org.testng.reporters.JUnitReportReporter -->
<testsuite hostname="DESKTOP-V8TNVA8" failures="0" tests="6" name="aaa.Invokationcnt" time="0.053" errors="0" timestamp="2023-02-25T14:43:07 IST" skipped="0">
  <testcase classname="aaa.Invokationcnt" name="deletecontact" time="0.004"/>
  <system-out/>
  <testcase classname="aaa.Invokationcnt" name="createcontact" time="0.038"/>
  <system-out/>
  <testcase classname="aaa.Invokationcnt" name="createcontact" time="0.002"/>
  <system-out/>
  <testcase classname="aaa.Invokationcnt" name="createcontact" time="0.005"/>
  <system-out/>
  <testcase classname="aaa.Invokationcnt" name="modifycontact" time="0.002"/>
  <system-out/>
  <testcase classname="aaa.Invokationcnt" name="createcontact" time="0.002"/>
  <system-out/>
</testsuite> <!-- aaa.Invokationcnt -->
