<?xml version="1.0" encoding="UTF-8"?>
<!-- Generated by org.testng.reporters.JUnitReportReporter -->
<testsuite hostname="DESKTOP-V8TNVA8" failures="0" tests="3" name="aaa.Modifycont" time="0.038" errors="0" timestamp="2023-02-25T14:43:46 IST" skipped="0">
  <testcase classname="aaa.Modifycont" name="createcontact" time="0.035"/>
  <system-out/>
  <testcase classname="aaa.Modifycont" name="modifycontact" time="0.002"/>
  <system-out/>
  <testcase classname="aaa.Modifycont" name="deletecontact" time="0.001"/>
  <system-out/>
</testsuite> <!-- aaa.Modifycont -->
